Start testing: May 14 16:45 대한민국 표준시
----------------------------------------------------------
1/16 Testing: GildedRoseTest.TDD1_noname
1/16 Test: GildedRoseTest.TDD1_noname
Command: "C:/DEV/GildedRose_12/build/gilded_rose_test.exe" "--gtest_filter=GildedRoseTest.TDD1_noname" "--gtest_also_run_disabled_tests"
Directory: C:/DEV/GildedRose_12/build
"GildedRoseTest.TDD1_noname" start time: May 14 16:45 대한민국 표준시
Output:
----------------------------------------------------------
Running main() from C:\DEV\GildedRose_12\build\_deps\googletest-src\googletest\src\gtest_main.cc
Note: Google Test filter = GildedRoseTest.TDD1_noname
[==========] Running 1 test from 1 test suite.
[----------] Global test environment set-up.
[----------] 1 test from GildedRoseTest
[ RUN      ] GildedRoseTest.TDD1_noname
[       OK ] GildedRoseTest.TDD1_noname (0 ms)
[----------] 1 test from GildedRoseTest (0 ms total)

[----------] Global test environment tear-down
[==========] 1 test from 1 test suite ran. (0 ms total)
[  PASSED  ] 1 test.
<end of output>
Test time =   0.03 sec
----------------------------------------------------------
Test Passed.
"GildedRoseTest.TDD1_noname" end time: May 14 16:45 대한민국 표준시
"GildedRoseTest.TDD1_noname" time elapsed: 00:00:00
----------------------------------------------------------

2/16 Testing: GildedRoseTest.TDD2_noname
2/16 Test: GildedRoseTest.TDD2_noname
Command: "C:/DEV/GildedRose_12/build/gilded_rose_test.exe" "--gtest_filter=GildedRoseTest.TDD2_noname" "--gtest_also_run_disabled_tests"
Directory: C:/DEV/GildedRose_12/build
"GildedRoseTest.TDD2_noname" start time: May 14 16:45 대한민국 표준시
Output:
----------------------------------------------------------
Running main() from C:\DEV\GildedRose_12\build\_deps\googletest-src\googletest\src\gtest_main.cc
Note: Google Test filter = GildedRoseTest.TDD2_noname
[==========] Running 1 test from 1 test suite.
[----------] Global test environment set-up.
[----------] 1 test from GildedRoseTest
[ RUN      ] GildedRoseTest.TDD2_noname
[       OK ] GildedRoseTest.TDD2_noname (0 ms)
[----------] 1 test from GildedRoseTest (0 ms total)

[----------] Global test environment tear-down
[==========] 1 test from 1 test suite ran. (0 ms total)
[  PASSED  ] 1 test.
<end of output>
Test time =   0.03 sec
----------------------------------------------------------
Test Passed.
"GildedRoseTest.TDD2_noname" end time: May 14 16:45 대한민국 표준시
"GildedRoseTest.TDD2_noname" time elapsed: 00:00:00
----------------------------------------------------------

3/16 Testing: GildedRoseTest.TDD3_sulfuras
3/16 Test: GildedRoseTest.TDD3_sulfuras
Command: "C:/DEV/GildedRose_12/build/gilded_rose_test.exe" "--gtest_filter=GildedRoseTest.TDD3_sulfuras" "--gtest_also_run_disabled_tests"
Directory: C:/DEV/GildedRose_12/build
"GildedRoseTest.TDD3_sulfuras" start time: May 14 16:45 대한민국 표준시
Output:
----------------------------------------------------------
Running main() from C:\DEV\GildedRose_12\build\_deps\googletest-src\googletest\src\gtest_main.cc
Note: Google Test filter = GildedRoseTest.TDD3_sulfuras
[==========] Running 1 test from 1 test suite.
[----------] Global test environment set-up.
[----------] 1 test from GildedRoseTest
[ RUN      ] GildedRoseTest.TDD3_sulfuras
[       OK ] GildedRoseTest.TDD3_sulfuras (0 ms)
[----------] 1 test from GildedRoseTest (0 ms total)

[----------] Global test environment tear-down
[==========] 1 test from 1 test suite ran. (0 ms total)
[  PASSED  ] 1 test.
<end of output>
Test time =   0.03 sec
----------------------------------------------------------
Test Passed.
"GildedRoseTest.TDD3_sulfuras" end time: May 14 16:45 대한민국 표준시
"GildedRoseTest.TDD3_sulfuras" time elapsed: 00:00:00
----------------------------------------------------------

4/16 Testing: GildedRoseTest.TDD4_sulfuras
4/16 Test: GildedRoseTest.TDD4_sulfuras
Command: "C:/DEV/GildedRose_12/build/gilded_rose_test.exe" "--gtest_filter=GildedRoseTest.TDD4_sulfuras" "--gtest_also_run_disabled_tests"
Directory: C:/DEV/GildedRose_12/build
"GildedRoseTest.TDD4_sulfuras" start time: May 14 16:45 대한민국 표준시
Output:
----------------------------------------------------------
Running main() from C:\DEV\GildedRose_12\build\_deps\googletest-src\googletest\src\gtest_main.cc
Note: Google Test filter = GildedRoseTest.TDD4_sulfuras
[==========] Running 1 test from 1 test suite.
[----------] Global test environment set-up.
[----------] 1 test from GildedRoseTest
[ RUN      ] GildedRoseTest.TDD4_sulfuras
[       OK ] GildedRoseTest.TDD4_sulfuras (0 ms)
[----------] 1 test from GildedRoseTest (0 ms total)

[----------] Global test environment tear-down
[==========] 1 test from 1 test suite ran. (0 ms total)
[  PASSED  ] 1 test.
<end of output>
Test time =   0.03 sec
----------------------------------------------------------
Test Passed.
"GildedRoseTest.TDD4_sulfuras" end time: May 14 16:45 대한민국 표준시
"GildedRoseTest.TDD4_sulfuras" time elapsed: 00:00:00
----------------------------------------------------------

5/16 Testing: GildedRoseTest.TDD5_aged_brie
5/16 Test: GildedRoseTest.TDD5_aged_brie
Command: "C:/DEV/GildedRose_12/build/gilded_rose_test.exe" "--gtest_filter=GildedRoseTest.TDD5_aged_brie" "--gtest_also_run_disabled_tests"
Directory: C:/DEV/GildedRose_12/build
"GildedRoseTest.TDD5_aged_brie" start time: May 14 16:45 대한민국 표준시
Output:
----------------------------------------------------------
Running main() from C:\DEV\GildedRose_12\build\_deps\googletest-src\googletest\src\gtest_main.cc
Note: Google Test filter = GildedRoseTest.TDD5_aged_brie
[==========] Running 1 test from 1 test suite.
[----------] Global test environment set-up.
[----------] 1 test from GildedRoseTest
[ RUN      ] GildedRoseTest.TDD5_aged_brie
[       OK ] GildedRoseTest.TDD5_aged_brie (0 ms)
[----------] 1 test from GildedRoseTest (0 ms total)

[----------] Global test environment tear-down
[==========] 1 test from 1 test suite ran. (0 ms total)
[  PASSED  ] 1 test.
<end of output>
Test time =   0.03 sec
----------------------------------------------------------
Test Passed.
"GildedRoseTest.TDD5_aged_brie" end time: May 14 16:45 대한민국 표준시
"GildedRoseTest.TDD5_aged_brie" time elapsed: 00:00:00
----------------------------------------------------------

6/16 Testing: GildedRoseTest.TDD6_aged_brie
6/16 Test: GildedRoseTest.TDD6_aged_brie
Command: "C:/DEV/GildedRose_12/build/gilded_rose_test.exe" "--gtest_filter=GildedRoseTest.TDD6_aged_brie" "--gtest_also_run_disabled_tests"
Directory: C:/DEV/GildedRose_12/build
"GildedRoseTest.TDD6_aged_brie" start time: May 14 16:45 대한민국 표준시
Output:
----------------------------------------------------------
Running main() from C:\DEV\GildedRose_12\build\_deps\googletest-src\googletest\src\gtest_main.cc
Note: Google Test filter = GildedRoseTest.TDD6_aged_brie
[==========] Running 1 test from 1 test suite.
[----------] Global test environment set-up.
[----------] 1 test from GildedRoseTest
[ RUN      ] GildedRoseTest.TDD6_aged_brie
[       OK ] GildedRoseTest.TDD6_aged_brie (0 ms)
[----------] 1 test from GildedRoseTest (0 ms total)

[----------] Global test environment tear-down
[==========] 1 test from 1 test suite ran. (0 ms total)
[  PASSED  ] 1 test.
<end of output>
Test time =   0.03 sec
----------------------------------------------------------
Test Passed.
"GildedRoseTest.TDD6_aged_brie" end time: May 14 16:45 대한민국 표준시
"GildedRoseTest.TDD6_aged_brie" time elapsed: 00:00:00
----------------------------------------------------------

7/16 Testing: GildedRoseTest.TDD7_backstage
7/16 Test: GildedRoseTest.TDD7_backstage
Command: "C:/DEV/GildedRose_12/build/gilded_rose_test.exe" "--gtest_filter=GildedRoseTest.TDD7_backstage" "--gtest_also_run_disabled_tests"
Directory: C:/DEV/GildedRose_12/build
"GildedRoseTest.TDD7_backstage" start time: May 14 16:45 대한민국 표준시
Output:
----------------------------------------------------------
Running main() from C:\DEV\GildedRose_12\build\_deps\googletest-src\googletest\src\gtest_main.cc
Note: Google Test filter = GildedRoseTest.TDD7_backstage
[==========] Running 1 test from 1 test suite.
[----------] Global test environment set-up.
[----------] 1 test from GildedRoseTest
[ RUN      ] GildedRoseTest.TDD7_backstage
[       OK ] GildedRoseTest.TDD7_backstage (0 ms)
[----------] 1 test from GildedRoseTest (0 ms total)

[----------] Global test environment tear-down
[==========] 1 test from 1 test suite ran. (0 ms total)
[  PASSED  ] 1 test.
<end of output>
Test time =   0.03 sec
----------------------------------------------------------
Test Passed.
"GildedRoseTest.TDD7_backstage" end time: May 14 16:45 대한민국 표준시
"GildedRoseTest.TDD7_backstage" time elapsed: 00:00:00
----------------------------------------------------------

8/16 Testing: GildedRoseTest.TDD8_backstage
8/16 Test: GildedRoseTest.TDD8_backstage
Command: "C:/DEV/GildedRose_12/build/gilded_rose_test.exe" "--gtest_filter=GildedRoseTest.TDD8_backstage" "--gtest_also_run_disabled_tests"
Directory: C:/DEV/GildedRose_12/build
"GildedRoseTest.TDD8_backstage" start time: May 14 16:45 대한민국 표준시
Output:
----------------------------------------------------------
Running main() from C:\DEV\GildedRose_12\build\_deps\googletest-src\googletest\src\gtest_main.cc
Note: Google Test filter = GildedRoseTest.TDD8_backstage
[==========] Running 1 test from 1 test suite.
[----------] Global test environment set-up.
[----------] 1 test from GildedRoseTest
[ RUN      ] GildedRoseTest.TDD8_backstage
[       OK ] GildedRoseTest.TDD8_backstage (0 ms)
[----------] 1 test from GildedRoseTest (0 ms total)

[----------] Global test environment tear-down
[==========] 1 test from 1 test suite ran. (0 ms total)
[  PASSED  ] 1 test.
<end of output>
Test time =   0.03 sec
----------------------------------------------------------
Test Passed.
"GildedRoseTest.TDD8_backstage" end time: May 14 16:45 대한민국 표준시
"GildedRoseTest.TDD8_backstage" time elapsed: 00:00:00
----------------------------------------------------------

9/16 Testing: GildedRoseTest.TDD9_backstage
9/16 Test: GildedRoseTest.TDD9_backstage
Command: "C:/DEV/GildedRose_12/build/gilded_rose_test.exe" "--gtest_filter=GildedRoseTest.TDD9_backstage" "--gtest_also_run_disabled_tests"
Directory: C:/DEV/GildedRose_12/build
"GildedRoseTest.TDD9_backstage" start time: May 14 16:45 대한민국 표준시
Output:
----------------------------------------------------------
Running main() from C:\DEV\GildedRose_12\build\_deps\googletest-src\googletest\src\gtest_main.cc
Note: Google Test filter = GildedRoseTest.TDD9_backstage
[==========] Running 1 test from 1 test suite.
[----------] Global test environment set-up.
[----------] 1 test from GildedRoseTest
[ RUN      ] GildedRoseTest.TDD9_backstage
[       OK ] GildedRoseTest.TDD9_backstage (0 ms)
[----------] 1 test from GildedRoseTest (0 ms total)

[----------] Global test environment tear-down
[==========] 1 test from 1 test suite ran. (0 ms total)
[  PASSED  ] 1 test.
<end of output>
Test time =   0.03 sec
----------------------------------------------------------
Test Passed.
"GildedRoseTest.TDD9_backstage" end time: May 14 16:45 대한민국 표준시
"GildedRoseTest.TDD9_backstage" time elapsed: 00:00:00
----------------------------------------------------------

10/16 Testing: GildedRoseTest.TDD10_empty_items
10/16 Test: GildedRoseTest.TDD10_empty_items
Command: "C:/DEV/GildedRose_12/build/gilded_rose_test.exe" "--gtest_filter=GildedRoseTest.TDD10_empty_items" "--gtest_also_run_disabled_tests"
Directory: C:/DEV/GildedRose_12/build
"GildedRoseTest.TDD10_empty_items" start time: May 14 16:45 대한민국 표준시
Output:
----------------------------------------------------------
Running main() from C:\DEV\GildedRose_12\build\_deps\googletest-src\googletest\src\gtest_main.cc
Note: Google Test filter = GildedRoseTest.TDD10_empty_items
[==========] Running 1 test from 1 test suite.
[----------] Global test environment set-up.
[----------] 1 test from GildedRoseTest
[ RUN      ] GildedRoseTest.TDD10_empty_items
[       OK ] GildedRoseTest.TDD10_empty_items (0 ms)
[----------] 1 test from GildedRoseTest (0 ms total)

[----------] Global test environment tear-down
[==========] 1 test from 1 test suite ran. (0 ms total)
[  PASSED  ] 1 test.
<end of output>
Test time =   0.03 sec
----------------------------------------------------------
Test Passed.
"GildedRoseTest.TDD10_empty_items" end time: May 14 16:45 대한민국 표준시
"GildedRoseTest.TDD10_empty_items" time elapsed: 00:00:00
----------------------------------------------------------

11/16 Testing: GildedRoseTest.NormalItemDegradesByOneEachDay
11/16 Test: GildedRoseTest.NormalItemDegradesByOneEachDay
Command: "C:/DEV/GildedRose_12/build/gilded_rose_test.exe" "--gtest_filter=GildedRoseTest.NormalItemDegradesByOneEachDay" "--gtest_also_run_disabled_tests"
Directory: C:/DEV/GildedRose_12/build
"GildedRoseTest.NormalItemDegradesByOneEachDay" start time: May 14 16:45 대한민국 표준시
Output:
----------------------------------------------------------
Running main() from C:\DEV\GildedRose_12\build\_deps\googletest-src\googletest\src\gtest_main.cc
Note: Google Test filter = GildedRoseTest.NormalItemDegradesByOneEachDay
[==========] Running 1 test from 1 test suite.
[----------] Global test environment set-up.
[----------] 1 test from GildedRoseTest
[ RUN      ] GildedRoseTest.NormalItemDegradesByOneEachDay
[       OK ] GildedRoseTest.NormalItemDegradesByOneEachDay (0 ms)
[----------] 1 test from GildedRoseTest (0 ms total)

[----------] Global test environment tear-down
[==========] 1 test from 1 test suite ran. (0 ms total)
[  PASSED  ] 1 test.
<end of output>
Test time =   0.03 sec
----------------------------------------------------------
Test Passed.
"GildedRoseTest.NormalItemDegradesByOneEachDay" end time: May 14 16:45 대한민국 표준시
"GildedRoseTest.NormalItemDegradesByOneEachDay" time elapsed: 00:00:00
----------------------------------------------------------

12/16 Testing: GildedRoseTest.QualityNeverNegative
12/16 Test: GildedRoseTest.QualityNeverNegative
Command: "C:/DEV/GildedRose_12/build/gilded_rose_test.exe" "--gtest_filter=GildedRoseTest.QualityNeverNegative" "--gtest_also_run_disabled_tests"
Directory: C:/DEV/GildedRose_12/build
"GildedRoseTest.QualityNeverNegative" start time: May 14 16:45 대한민국 표준시
Output:
----------------------------------------------------------
Running main() from C:\DEV\GildedRose_12\build\_deps\googletest-src\googletest\src\gtest_main.cc
Note: Google Test filter = GildedRoseTest.QualityNeverNegative
[==========] Running 1 test from 1 test suite.
[----------] Global test environment set-up.
[----------] 1 test from GildedRoseTest
[ RUN      ] GildedRoseTest.QualityNeverNegative
[       OK ] GildedRoseTest.QualityNeverNegative (0 ms)
[----------] 1 test from GildedRoseTest (0 ms total)

[----------] Global test environment tear-down
[==========] 1 test from 1 test suite ran. (0 ms total)
[  PASSED  ] 1 test.
<end of output>
Test time =   0.03 sec
----------------------------------------------------------
Test Passed.
"GildedRoseTest.QualityNeverNegative" end time: May 14 16:45 대한민국 표준시
"GildedRoseTest.QualityNeverNegative" time elapsed: 00:00:00
----------------------------------------------------------

13/16 Testing: GildedRoseTest.AgedBrieIncreasesQualityBeforeSellIn
13/16 Test: GildedRoseTest.AgedBrieIncreasesQualityBeforeSellIn
Command: "C:/DEV/GildedRose_12/build/gilded_rose_test.exe" "--gtest_filter=GildedRoseTest.AgedBrieIncreasesQualityBeforeSellIn" "--gtest_also_run_disabled_tests"
Directory: C:/DEV/GildedRose_12/build
"GildedRoseTest.AgedBrieIncreasesQualityBeforeSellIn" start time: May 14 16:45 대한민국 표준시
Output:
----------------------------------------------------------
Running main() from C:\DEV\GildedRose_12\build\_deps\googletest-src\googletest\src\gtest_main.cc
Note: Google Test filter = GildedRoseTest.AgedBrieIncreasesQualityBeforeSellIn
[==========] Running 1 test from 1 test suite.
[----------] Global test environment set-up.
[----------] 1 test from GildedRoseTest
[ RUN      ] GildedRoseTest.AgedBrieIncreasesQualityBeforeSellIn
[       OK ] GildedRoseTest.AgedBrieIncreasesQualityBeforeSellIn (0 ms)
[----------] 1 test from GildedRoseTest (0 ms total)

[----------] Global test environment tear-down
[==========] 1 test from 1 test suite ran. (0 ms total)
[  PASSED  ] 1 test.
<end of output>
Test time =   0.03 sec
----------------------------------------------------------
Test Passed.
"GildedRoseTest.AgedBrieIncreasesQualityBeforeSellIn" end time: May 14 16:45 대한민국 표준시
"GildedRoseTest.AgedBrieIncreasesQualityBeforeSellIn" time elapsed: 00:00:00
----------------------------------------------------------

14/16 Testing: GildedRoseTest.BackstagePass_SellIn11_IncreasesByOne
14/16 Test: GildedRoseTest.BackstagePass_SellIn11_IncreasesByOne
Command: "C:/DEV/GildedRose_12/build/gilded_rose_test.exe" "--gtest_filter=GildedRoseTest.BackstagePass_SellIn11_IncreasesByOne" "--gtest_also_run_disabled_tests"
Directory: C:/DEV/GildedRose_12/build
"GildedRoseTest.BackstagePass_SellIn11_IncreasesByOne" start time: May 14 16:45 대한민국 표준시
Output:
----------------------------------------------------------
Running main() from C:\DEV\GildedRose_12\build\_deps\googletest-src\googletest\src\gtest_main.cc
Note: Google Test filter = GildedRoseTest.BackstagePass_SellIn11_IncreasesByOne
[==========] Running 1 test from 1 test suite.
[----------] Global test environment set-up.
[----------] 1 test from GildedRoseTest
[ RUN      ] GildedRoseTest.BackstagePass_SellIn11_IncreasesByOne
[       OK ] GildedRoseTest.BackstagePass_SellIn11_IncreasesByOne (0 ms)
[----------] 1 test from GildedRoseTest (0 ms total)

[----------] Global test environment tear-down
[==========] 1 test from 1 test suite ran. (0 ms total)
[  PASSED  ] 1 test.
<end of output>
Test time =   0.03 sec
----------------------------------------------------------
Test Passed.
"GildedRoseTest.BackstagePass_SellIn11_IncreasesByOne" end time: May 14 16:45 대한민국 표준시
"GildedRoseTest.BackstagePass_SellIn11_IncreasesByOne" time elapsed: 00:00:00
----------------------------------------------------------

15/16 Testing: GildedRoseTest.BackstagePass_SellIn10_IncreasesByTwo
15/16 Test: GildedRoseTest.BackstagePass_SellIn10_IncreasesByTwo
Command: "C:/DEV/GildedRose_12/build/gilded_rose_test.exe" "--gtest_filter=GildedRoseTest.BackstagePass_SellIn10_IncreasesByTwo" "--gtest_also_run_disabled_tests"
Directory: C:/DEV/GildedRose_12/build
"GildedRoseTest.BackstagePass_SellIn10_IncreasesByTwo" start time: May 14 16:45 대한민국 표준시
Output:
----------------------------------------------------------
Running main() from C:\DEV\GildedRose_12\build\_deps\googletest-src\googletest\src\gtest_main.cc
Note: Google Test filter = GildedRoseTest.BackstagePass_SellIn10_IncreasesByTwo
[==========] Running 1 test from 1 test suite.
[----------] Global test environment set-up.
[----------] 1 test from GildedRoseTest
[ RUN      ] GildedRoseTest.BackstagePass_SellIn10_IncreasesByTwo
[       OK ] GildedRoseTest.BackstagePass_SellIn10_IncreasesByTwo (0 ms)
[----------] 1 test from GildedRoseTest (0 ms total)

[----------] Global test environment tear-down
[==========] 1 test from 1 test suite ran. (0 ms total)
[  PASSED  ] 1 test.
<end of output>
Test time =   0.06 sec
----------------------------------------------------------
Test Passed.
"GildedRoseTest.BackstagePass_SellIn10_IncreasesByTwo" end time: May 14 16:45 대한민국 표준시
"GildedRoseTest.BackstagePass_SellIn10_IncreasesByTwo" time elapsed: 00:00:00
----------------------------------------------------------

16/16 Testing: GildedRoseTest.BackstagePass_SellIn5_IncreasesByThree
16/16 Test: GildedRoseTest.BackstagePass_SellIn5_IncreasesByThree
Command: "C:/DEV/GildedRose_12/build/gilded_rose_test.exe" "--gtest_filter=GildedRoseTest.BackstagePass_SellIn5_IncreasesByThree" "--gtest_also_run_disabled_tests"
Directory: C:/DEV/GildedRose_12/build
"GildedRoseTest.BackstagePass_SellIn5_IncreasesByThree" start time: May 14 16:45 대한민국 표준시
Output:
----------------------------------------------------------
Running main() from C:\DEV\GildedRose_12\build\_deps\googletest-src\googletest\src\gtest_main.cc
Note: Google Test filter = GildedRoseTest.BackstagePass_SellIn5_IncreasesByThree
[==========] Running 1 test from 1 test suite.
[----------] Global test environment set-up.
[----------] 1 test from GildedRoseTest
[ RUN      ] GildedRoseTest.BackstagePass_SellIn5_IncreasesByThree
[       OK ] GildedRoseTest.BackstagePass_SellIn5_IncreasesByThree (0 ms)
[----------] 1 test from GildedRoseTest (0 ms total)

[----------] Global test environment tear-down
[==========] 1 test from 1 test suite ran. (0 ms total)
[  PASSED  ] 1 test.
<end of output>
Test time =   0.06 sec
----------------------------------------------------------
Test Passed.
"GildedRoseTest.BackstagePass_SellIn5_IncreasesByThree" end time: May 14 16:45 대한민국 표준시
"GildedRoseTest.BackstagePass_SellIn5_IncreasesByThree" time elapsed: 00:00:00
----------------------------------------------------------

End testing: May 14 16:45 대한민국 표준시
