Start testing: May 15 11:29 대한민국 표준시
----------------------------------------------------------
4/20 Testing: FoodBeverageTest.QualityNeverBelowZero
4/20 Test: FoodBeverageTest.QualityNeverBelowZero
Command: "C:/DEV/GildedRose_12/build/gilded_rose_test.exe" "--gtest_filter=FoodBeverageTest.QualityNeverBelowZero" "--gtest_also_run_disabled_tests"
Directory: C:/DEV/GildedRose_12/build
"FoodBeverageTest.QualityNeverBelowZero" start time: May 15 11:29 대한민국 표준시
Output:
----------------------------------------------------------
Note: Google Test filter = FoodBeverageTest.QualityNeverBelowZero
[==========] Running 1 test from 1 test suite.
[----------] Global test environment set-up.
[----------] 1 test from FoodBeverageTest
[ RUN      ] FoodBeverageTest.QualityNeverBelowZero
[       OK ] FoodBeverageTest.QualityNeverBelowZero (0 ms)
[----------] 1 test from FoodBeverageTest (2 ms total)

[----------] Global test environment tear-down
[==========] 1 test from 1 test suite ran. (2 ms total)
[  PASSED  ] 1 test.
<end of output>
Test time =   0.03 sec
----------------------------------------------------------
Test Passed.
"FoodBeverageTest.QualityNeverBelowZero" end time: May 15 11:29 대한민국 표준시
"FoodBeverageTest.QualityNeverBelowZero" time elapsed: 00:00:00
----------------------------------------------------------

End testing: May 15 11:29 대한민국 표준시
