Start testing: May 15 10:09 대한민국 표준시
----------------------------------------------------------
1/17 Testing: ApprovalTest.PrintTextFixture
1/17 Test: ApprovalTest.PrintTextFixture
Command: "C:/DEV/GildedRose_12/build/gilded_rose_test.exe" "--gtest_filter=ApprovalTest.PrintTextFixture" "--gtest_also_run_disabled_tests"
Directory: C:/DEV/GildedRose_12/build
"ApprovalTest.PrintTextFixture" start time: May 15 10:09 대한민국 표준시
Output:
----------------------------------------------------------
Note: Google Test filter = ApprovalTest.PrintTextFixture
[==========] Running 1 test from 1 test suite.
[----------] Global test environment set-up.
[----------] 1 test from ApprovalTest
[ RUN      ] ApprovalTest.PrintTextFixture
unknown file: Failure
C++ exception with description "Failed Approval: 
Received does not match approved 
Received : "C:\DEV\GildedRose_12\cpp\test\ApprovalTest.PrintTextFixture.received.txt" 
Approved : "C:\DEV\GildedRose_12\cpp\test\ApprovalTest.PrintTextFixture.approved.txt"" thrown in the test body.

[  FAILED  ] ApprovalTest.PrintTextFixture (55 ms)
[----------] 1 test from ApprovalTest (57 ms total)

[----------] Global test environment tear-down
[==========] 1 test from 1 test suite ran. (57 ms total)
[  PASSED  ] 0 tests.
[  FAILED  ] 1 test, listed below:
[  FAILED  ] ApprovalTest.PrintTextFixture

 1 FAILED TEST
<end of output>
Test time =   2.66 sec
----------------------------------------------------------
Test Failed.
"ApprovalTest.PrintTextFixture" end time: May 15 10:09 대한민국 표준시
"ApprovalTest.PrintTextFixture" time elapsed: 00:00:02
----------------------------------------------------------

End testing: May 15 10:09 대한민국 표준시
