Start testing: May 15 11:34 대한민국 표준시
----------------------------------------------------------
13/20 Testing: GildedRoseTest.TDD9_backstage
13/20 Test: GildedRoseTest.TDD9_backstage
Command: "C:/DEV/GildedRose_12/build/gilded_rose_test.exe" "--gtest_filter=GildedRoseTest.TDD9_backstage" "--gtest_also_run_disabled_tests"
Directory: C:/DEV/GildedRose_12/build
"GildedRoseTest.TDD9_backstage" start time: May 15 11:34 대한민국 표준시
Output:
----------------------------------------------------------
Note: Google Test filter = GildedRoseTest.TDD9_backstage
[==========] Running 1 test from 1 test suite.
[----------] Global test environment set-up.
[----------] 1 test from GildedRoseTest
[ RUN      ] GildedRoseTest.TDD9_backstage
[       OK ] GildedRoseTest.TDD9_backstage (0 ms)
[----------] 1 test from GildedRoseTest (2 ms total)

[----------] Global test environment tear-down
[==========] 1 test from 1 test suite ran. (3 ms total)
[  PASSED  ] 1 test.
<end of output>
Test time =   0.34 sec
----------------------------------------------------------
Test Passed.
"GildedRoseTest.TDD9_backstage" end time: May 15 11:34 대한민국 표준시
"GildedRoseTest.TDD9_backstage" time elapsed: 00:00:00
----------------------------------------------------------

End testing: May 15 11:34 대한민국 표준시
