<?xml version="1.0" encoding="UTF-8"?>
<Site BuildName="(empty)"
	BuildStamp="20260515-0049-Experimental"
	Name="(empty)"
	Generator="ctest-4.3.2"
	CompilerName=""
	CompilerVersion=""
	OSName="Windows"
	Hostname="DESKTOP-NM78K72"
	OSRelease="10.0.19045"
	OSVersion="Windows 10"
	OSPlatform="AMD64"
	Is64Bits="1"
	VendorString="GenuineIntel"
	VendorID="Intel Corporation"
	FamilyID="6"
	ModelID="14"
	ModelName=""
	ProcessorCacheSize="-1"
	NumberOfLogicalCPU="12"
	NumberOfPhysicalCPU="6"
	TotalVirtualMemory="4864"
	TotalPhysicalMemory="32706"
	LogicalProcessorsPerPhysical="2"
	ProcessorClockFrequency="3192.000000"
	>
	<Testing>
		<StartDateTime>May 15 11:29 [NON-UTF-8-BYTE-0xB4][NON-UTF-8-BYTE-0xEB][NON-UTF-8-BYTE-0xC7]ѹα[NON-UTF-8-BYTE-0xB9] ǥ[NON-UTF-8-BYTE-0xC1]ؽ[NON-UTF-8-BYTE-0xC3]</StartDateTime>
		<StartTestTime>1778812195</StartTestTime>
		<TestList>
			<Test>./FoodBeverageTest.QualityNeverBelowZero</Test>
		</TestList>
		<Test Status="passed">
			<Name>FoodBeverageTest.QualityNeverBelowZero</Name>
			<Path>.</Path>
			<FullName>./FoodBeverageTest.QualityNeverBelowZero</FullName>
			<FullCommandLine>C:\DEV\GildedRose_12\build\gilded_rose_test.exe "--gtest_filter=FoodBeverageTest.QualityNeverBelowZero" "--gtest_also_run_disabled_tests"</FullCommandLine>
			<StartTestTime>1778812195.180031</StartTestTime>
			<Results>
				<NamedMeasurement type="numeric/double" name="Execution Time">
					<Value>0.025884</Value>
				</NamedMeasurement>
				<NamedMeasurement type="numeric/double" name="Processors">
					<Value>1</Value>
				</NamedMeasurement>
				<NamedMeasurement type="text/string" name="Completion Status">
					<Value>Completed</Value>
				</NamedMeasurement>
				<NamedMeasurement type="text/string" name="Command Line">
					<Value>C:\DEV\GildedRose_12\build\gilded_rose_test.exe "--gtest_filter=FoodBeverageTest.QualityNeverBelowZero" "--gtest_also_run_disabled_tests"</Value>
				</NamedMeasurement>
				<NamedMeasurement type="text/string" name="Environment">
					<Value>#CTEST_RESOURCE_GROUP_COUNT=</Value>
				</NamedMeasurement>
				<Measurement>
					<Value encoding="base64" compression="gzip">eJyNULsKwkAQ7O8rptQiQS0FC8VHIcR3Y0hxkjUcXG7lslH8exODooKQqZad2d3ZiVhoiAVzZgl7KgRnY4U8RpgzpxO6ktcZ1Uy4KbU1co/q3oQs347kWcWjNxJsS+eMy9CHPHd5zl91URqhUMXBGwkWlk/aNjy5q/HscnKVliQoLz/iz52/3lSM7SHCE0lr540eq2XrGXR6yItue2PoDKoBCIu2XdXueyHtg5Rv7jvbf5nCaxd+36k+W493u9m0TqPRhuoBJLedzg==</Value>
				</Measurement>
			</Results>
		</Test>
		<EndDateTime>May 15 11:29 [NON-UTF-8-BYTE-0xB4][NON-UTF-8-BYTE-0xEB][NON-UTF-8-BYTE-0xC7]ѹα[NON-UTF-8-BYTE-0xB9] ǥ[NON-UTF-8-BYTE-0xC1]ؽ[NON-UTF-8-BYTE-0xC3]</EndDateTime>
		<EndTestTime>1778812195</EndTestTime>
		<ElapsedMinutes>0</ElapsedMinutes>
	</Testing>
</Site>
