<?xml version="1.0" encoding="UTF-8"?>
<Site BuildName="(empty)"
	BuildStamp="20260515-0049-Experimental"
	Name="(empty)"
	Generator="ctest-4.3.2"
	CompilerName=""
	CompilerVersion=""
	OSName="Windows"
	Hostname="DESKTOP-NM78K72"
	OSRelease="10.0.19045"
	OSVersion="Windows 10"
	OSPlatform="AMD64"
	Is64Bits="1"
	VendorString="GenuineIntel"
	VendorID="Intel Corporation"
	FamilyID="6"
	ModelID="14"
	ModelName=""
	ProcessorCacheSize="-1"
	NumberOfLogicalCPU="12"
	NumberOfPhysicalCPU="6"
	TotalVirtualMemory="4864"
	TotalPhysicalMemory="32706"
	LogicalProcessorsPerPhysical="2"
	ProcessorClockFrequency="3192.000000"
	>
	<Testing>
		<StartDateTime>May 15 11:34 [NON-UTF-8-BYTE-0xB4][NON-UTF-8-BYTE-0xEB][NON-UTF-8-BYTE-0xC7]ѹα[NON-UTF-8-BYTE-0xB9] ǥ[NON-UTF-8-BYTE-0xC1]ؽ[NON-UTF-8-BYTE-0xC3]</StartDateTime>
		<StartTestTime>1778812484</StartTestTime>
		<TestList>
			<Test>./GildedRoseTest.TDD9_backstage</Test>
		</TestList>
		<Test Status="passed">
			<Name>GildedRoseTest.TDD9_backstage</Name>
			<Path>.</Path>
			<FullName>./GildedRoseTest.TDD9_backstage</FullName>
			<FullCommandLine>C:\DEV\GildedRose_12\build\gilded_rose_test.exe "--gtest_filter=GildedRoseTest.TDD9_backstage" "--gtest_also_run_disabled_tests"</FullCommandLine>
			<StartTestTime>1778812484.892581</StartTestTime>
			<Results>
				<NamedMeasurement type="numeric/double" name="Execution Time">
					<Value>0.337778</Value>
				</NamedMeasurement>
				<NamedMeasurement type="numeric/double" name="Processors">
					<Value>1</Value>
				</NamedMeasurement>
				<NamedMeasurement type="text/string" name="Completion Status">
					<Value>Completed</Value>
				</NamedMeasurement>
				<NamedMeasurement type="text/string" name="Command Line">
					<Value>C:\DEV\GildedRose_12\build\gilded_rose_test.exe "--gtest_filter=GildedRoseTest.TDD9_backstage" "--gtest_also_run_disabled_tests"</Value>
				</NamedMeasurement>
				<NamedMeasurement type="text/string" name="Environment">
					<Value>#CTEST_RESOURCE_GROUP_COUNT=</Value>
				</NamedMeasurement>
				<Measurement>
					<Value encoding="base64" compression="gzip">eJyNkEGLwkAMhe/zK96xHlpWPSl4WKj0IKhU91TKMm5jGZxOZCbVv7/VoujCou8Uko/kvSxZaIqMubaELQXB3lghjxkyYyuqcg506SfbNJ187/TPIYiuSRWzu0rkrXPG1RhCris8N7c6tEYoUUV8V4nM8k7bfk7uZDy7hlzHksTt8Q/8uPPZkiqQfy1xVfnKbo9htXiFIvpAEwbvmkA06nAIi7YD9V5OIe3jis/u+Yv/fQ9euwTR+OFOF2f9udnM00vynk3UL87pj7E=</Value>
				</Measurement>
			</Results>
		</Test>
		<EndDateTime>May 15 11:34 [NON-UTF-8-BYTE-0xB4][NON-UTF-8-BYTE-0xEB][NON-UTF-8-BYTE-0xC7]ѹα[NON-UTF-8-BYTE-0xB9] ǥ[NON-UTF-8-BYTE-0xC1]ؽ[NON-UTF-8-BYTE-0xC3]</EndDateTime>
		<EndTestTime>1778812485</EndTestTime>
		<ElapsedMinutes>0</ElapsedMinutes>
	</Testing>
</Site>
